<?xml version="1.0" encoding="UTF-8"?>
<!-- Generated by org.testng.reporters.JUnitReportReporter -->
<testsuite skipped="1" hostname="MD1N0QGC" name="automationTestCases.automationTestCases.Exchange_3_Elec_Initial_Risk_Assessment_Page_Abort_IE" tests="2" failures="0" timestamp="02 Apr 2019 15:50:35 GMT" time="0.014" errors="1">
  <testcase name="beforeMethod" time="0.014" classname="automationTestCases.automationTestCases.Exchange_3_Elec_Initial_Risk_Assessment_Page_Abort_IE">
    <error type="java.io.FileNotFoundException" message="C:\MobilityAutomation\src\testData\Mobility_Automation_Test_Data.xlsm (The system cannot find the file specified)">
      <![CDATA[java.io.FileNotFoundException: C:\MobilityAutomation\src\testData\Mobility_Automation_Test_Data.xlsm (The system cannot find the file specified)at java.io.FileInputStream.open0(Native Method)at java.io.FileInputStream.open(Unknown Source)at java.io.FileInputStream.<init>(Unknown Source)at java.io.FileInputStream.<init>(Unknown Source)at utility.ExcelUtils.setExcelFile(ExcelUtils.java:52)at automationTestCases.automationTestCases.Exchange_3_Elec_Initial_Risk_Assessment_Page_Abort_IE.beforeMethod(Exchange_3_Elec_Initial_Risk_Assessment_Page_Abort_IE.java:59)at sun.reflect.NativeMethodAccessorImpl.invoke0(Native Method)at sun.reflect.NativeMethodAccessorImpl.invoke(Unknown Source)at sun.reflect.DelegatingMethodAccessorImpl.invoke(Unknown Source)at java.lang.reflect.Method.invoke(Unknown Source)at org.testng.internal.MethodInvocationHelper.invokeMethod(MethodInvocationHelper.java:124)at org.testng.internal.MethodInvocationHelper.invokeMethodConsideringTimeout(MethodInvocationHelper.java:59)at org.testng.internal.Invoker.invokeConfigurationMethod(Invoker.java:451)at org.testng.internal.Invoker.invokeConfigurations(Invoker.java:222)at org.testng.internal.Invoker.invokeMethod(Invoker.java:516)at org.testng.internal.Invoker.invokeTestMethod(Invoker.java:707)at org.testng.internal.Invoker.invokeTestMethods(Invoker.java:979)at org.testng.internal.TestMethodWorker.invokeTestMethods(TestMethodWorker.java:125)at org.testng.internal.TestMethodWorker.run(TestMethodWorker.java:109)at org.testng.TestRunner.privateRun(TestRunner.java:648)at org.testng.TestRunner.run(TestRunner.java:505)at org.testng.SuiteRunner.runTest(SuiteRunner.java:455)at org.testng.SuiteRunner.runSequentially(SuiteRunner.java:450)at org.testng.SuiteRunner.privateRun(SuiteRunner.java:415)at org.testng.SuiteRunner.run(SuiteRunner.java:364)at org.testng.SuiteRunnerWorker.runSuite(SuiteRunnerWorker.java:52)at org.testng.SuiteRunnerWorker.run(SuiteRunnerWorker.java:84)at org.testng.TestNG.runSuitesSequentially(TestNG.java:1187)at org.testng.TestNG.runSuitesLocally(TestNG.java:1116)at org.testng.TestNG.runSuites(TestNG.java:1028)at org.testng.TestNG.run(TestNG.java:996)at org.testng.remote.AbstractRemoteTestNG.run(AbstractRemoteTestNG.java:114)at org.testng.remote.RemoteTestNG.initAndRun(RemoteTestNG.java:251)at org.testng.remote.RemoteTestNG.main(RemoteTestNG.java:77)]]>
    </error>
  </testcase> <!-- beforeMethod -->
  <testcase name="main" time="0.000" classname="automationTestCases.automationTestCases.Exchange_3_Elec_Initial_Risk_Assessment_Page_Abort_IE">
    <skipped/>
  </testcase> <!-- main -->
</testsuite> <!-- automationTestCases.automationTestCases.Exchange_3_Elec_Initial_Risk_Assessment_Page_Abort_IE -->
